<?xml version="1.0" encoding="UTF-8"?>
<testsuite xmlns:xsi="http://www.w3.org/2001/XMLSchema-instance" xsi:noNamespaceSchemaLocation="https://maven.apache.org/surefire/maven-surefire-plugin/xsd/surefire-test-report-3.0.xsd" version="3.0" name="pe.interbank.saucedemo.runners.RunnerTests" time="23.073" tests="3" errors="0" skipped="0" failures="0">
  <properties>
    <property name="java.specification.version" value="17"/>
    <property name="sun.cpu.isalist" value="amd64"/>
    <property name="sun.jnu.encoding" value="Cp1252"/>
    <property name="java.class.path" value="D:\Automatizacion de pruebas web con Serenity BDD y Java\retoTae\target\test-classes;D:\Automatizacion de pruebas web con Serenity BDD y Java\retoTae\target\classes;C:\Users\crist\.m2\repository\io\cucumber\cucumber-java\7.15.0\cucumber-java-7.15.0.jar;C:\Users\crist\.m2\repository\io\cucumber\cucumber-core\7.15.0\cucumber-core-7.15.0.jar;C:\Users\crist\.m2\repository\io\cucumber\cucumber-gherkin\7.15.0\cucumber-gherkin-7.15.0.jar;C:\Users\crist\.m2\repository\io\cucumber\cucumber-gherkin-messages\7.15.0\cucumber-gherkin-messages-7.15.0.jar;C:\Users\crist\.m2\repository\io\cucumber\gherkin\26.2.0\gherkin-26.2.0.jar;C:\Users\crist\.m2\repository\io\cucumber\messages\22.0.0\messages-22.0.0.jar;C:\Users\crist\.m2\repository\io\cucumber\tag-expressions\6.0.0\tag-expressions-6.0.0.jar;C:\Users\crist\.m2\repository\io\cucumber\cucumber-expressions\17.0.1\cucumber-expressions-17.0.1.jar;C:\Users\crist\.m2\repository\io\cucumber\datatable\7.15.0\datatable-7.15.0.jar;C:\Users\crist\.m2\repository\io\cucumber\cucumber-plugin\7.15.0\cucumber-plugin-7.15.0.jar;C:\Users\crist\.m2\repository\io\cucumber\docstring\7.15.0\docstring-7.15.0.jar;C:\Users\crist\.m2\repository\io\cucumber\html-formatter\20.4.0\html-formatter-20.4.0.jar;C:\Users\crist\.m2\repository\io\cucumber\junit-xml-formatter\0.2.0\junit-xml-formatter-0.2.0.jar;C:\Users\crist\.m2\repository\io\cucumber\ci-environment\10.0.0\ci-environment-10.0.0.jar;C:\Users\crist\.m2\repository\org\apiguardian\apiguardian-api\1.1.2\apiguardian-api-1.1.2.jar;C:\Users\crist\.m2\repository\io\cucumber\cucumber-junit\7.15.0\cucumber-junit-7.15.0.jar;C:\Users\crist\.m2\repository\junit\junit\4.13.2\junit-4.13.2.jar;C:\Users\crist\.m2\repository\org\hamcrest\hamcrest-core\1.3\hamcrest-core-1.3.jar;C:\Users\crist\.m2\repository\net\serenity-bdd\serenity-core\4.1.17\serenity-core-4.1.17.jar;C:\Users\crist\.m2\repository\net\serenity-bdd\serenity-model\4.1.17\serenity-model-4.1.17.jar;C:\Users\crist\.m2\repository\org\apache\commons\commons-text\1.11.0\commons-text-1.11.0.jar;C:\Users\crist\.m2\repository\commons-net\commons-net\3.10.0\commons-net-3.10.0.jar;C:\Users\crist\.m2\repository\com\google\guava\guava\33.1.0-jre\guava-33.1.0-jre.jar;C:\Users\crist\.m2\repository\com\google\guava\failureaccess\1.0.2\failureaccess-1.0.2.jar;C:\Users\crist\.m2\repository\com\google\guava\listenablefuture\9999.0-empty-to-avoid-conflict-with-guava\listenablefuture-9999.0-empty-to-avoid-conflict-with-guava.jar;C:\Users\crist\.m2\repository\com\google\code\findbugs\jsr305\3.0.2\jsr305-3.0.2.jar;C:\Users\crist\.m2\repository\com\google\errorprone\error_prone_annotations\2.26.1\error_prone_annotations-2.26.1.jar;C:\Users\crist\.m2\repository\com\google\j2objc\j2objc-annotations\3.0.0\j2objc-annotations-3.0.0.jar;C:\Users\crist\.m2\repository\org\slf4j\slf4j-api\2.0.9\slf4j-api-2.0.9.jar;C:\Users\crist\.m2\repository\org\jsoup\jsoup\1.15.4\jsoup-1.15.4.jar;C:\Users\crist\.m2\repository\com\thoughtworks\xstream\xstream\1.4.20\xstream-1.4.20.jar;C:\Users\crist\.m2\repository\io\github\x-stream\mxparser\1.2.2\mxparser-1.2.2.jar;C:\Users\crist\.m2\repository\xmlpull\xmlpull\1.1.3.1\xmlpull-1.1.3.1.jar;C:\Users\crist\.m2\repository\com\typesafe\config\1.4.3\config-1.4.3.jar;C:\Users\crist\.m2\repository\org\imgscalr\imgscalr-lib\4.2\imgscalr-lib-4.2.jar;C:\Users\crist\.m2\repository\org\awaitility\awaitility\4.2.0\awaitility-4.2.0.jar;C:\Users\crist\.m2\repository\org\freemarker\freemarker\2.3.32\freemarker-2.3.32.jar;C:\Users\crist\.m2\repository\io\github\classgraph\classgraph\4.8.157\classgraph-4.8.157.jar;C:\Users\crist\.m2\repository\com\github\ben-manes\caffeine\caffeine\2.9.2\caffeine-2.9.2.jar;C:\Users\crist\.m2\repository\org\ehcache\ehcache\3.10.8\ehcache-3.10.8.jar;C:\Users\crist\.m2\repository\javax\cache\cache-api\1.1.0\cache-api-1.1.0.jar;C:\Users\crist\.m2\repository\net\sourceforge\jexcelapi\jxl\2.6.12\jxl-2.6.12.jar;C:\Users\crist\.m2\repository\net\bytebuddy\byte-buddy-agent\1.14.15\byte-buddy-agent-1.14.15.jar;C:\Users\crist\.m2\repository\org\objenesis\objenesis\3.3\objenesis-3.3.jar;C:\Users\crist\.m2\repository\com\vladsch\flexmark\flexmark-all\0.64.8\flexmark-all-0.64.8.jar;C:\Users\crist\.m2\repository\com\vladsch\flexmark\flexmark\0.64.8\flexmark-0.64.8.jar;C:\Users\crist\.m2\repository\com\vladsch\flexmark\flexmark-ext-abbreviation\0.64.8\flexmark-ext-abbreviation-0.64.8.jar;C:\Users\crist\.m2\repository\com\vladsch\flexmark\flexmark-ext-admonition\0.64.8\flexmark-ext-admonition-0.64.8.jar;C:\Users\crist\.m2\repository\com\vladsch\flexmark\flexmark-ext-anchorlink\0.64.8\flexmark-ext-anchorlink-0.64.8.jar;C:\Users\crist\.m2\repository\com\vladsch\flexmark\flexmark-ext-aside\0.64.8\flexmark-ext-aside-0.64.8.jar;C:\Users\crist\.m2\repository\com\vladsch\flexmark\flexmark-ext-attributes\0.64.8\flexmark-ext-attributes-0.64.8.jar;C:\Users\crist\.m2\repository\com\vladsch\flexmark\flexmark-ext-autolink\0.64.8\flexmark-ext-autolink-0.64.8.jar;C:\Users\crist\.m2\repository\org\nibor\autolink\autolink\0.6.0\autolink-0.6.0.jar;C:\Users\crist\.m2\repository\com\vladsch\flexmark\flexmark-ext-definition\0.64.8\flexmark-ext-definition-0.64.8.jar;C:\Users\crist\.m2\repository\com\vladsch\flexmark\flexmark-ext-emoji\0.64.8\flexmark-ext-emoji-0.64.8.jar;C:\Users\crist\.m2\repository\com\vladsch\flexmark\flexmark-ext-enumerated-reference\0.64.8\flexmark-ext-enumerated-reference-0.64.8.jar;C:\Users\crist\.m2\repository\com\vladsch\flexmark\flexmark-ext-escaped-character\0.64.8\flexmark-ext-escaped-character-0.64.8.jar;C:\Users\crist\.m2\repository\com\vladsch\flexmark\flexmark-ext-footnotes\0.64.8\flexmark-ext-footnotes-0.64.8.jar;C:\Users\crist\.m2\repository\com\vladsch\flexmark\flexmark-ext-gfm-issues\0.64.8\flexmark-ext-gfm-issues-0.64.8.jar;C:\Users\crist\.m2\repository\com\vladsch\flexmark\flexmark-ext-gfm-strikethrough\0.64.8\flexmark-ext-gfm-strikethrough-0.64.8.jar;C:\Users\crist\.m2\repository\com\vladsch\flexmark\flexmark-ext-gfm-tasklist\0.64.8\flexmark-ext-gfm-tasklist-0.64.8.jar;C:\Users\crist\.m2\repository\com\vladsch\flexmark\flexmark-ext-gfm-users\0.64.8\flexmark-ext-gfm-users-0.64.8.jar;C:\Users\crist\.m2\repository\com\vladsch\flexmark\flexmark-ext-gitlab\0.64.8\flexmark-ext-gitlab-0.64.8.jar;C:\Users\crist\.m2\repository\com\vladsch\flexmark\flexmark-ext-jekyll-front-matter\0.64.8\flexmark-ext-jekyll-front-matter-0.64.8.jar;C:\Users\crist\.m2\repository\com\vladsch\flexmark\flexmark-ext-jekyll-tag\0.64.8\flexmark-ext-jekyll-tag-0.64.8.jar;C:\Users\crist\.m2\repository\com\vladsch\flexmark\flexmark-ext-media-tags\0.64.8\flexmark-ext-media-tags-0.64.8.jar;C:\Users\crist\.m2\repository\com\vladsch\flexmark\flexmark-ext-macros\0.64.8\flexmark-ext-macros-0.64.8.jar;C:\Users\crist\.m2\repository\com\vladsch\flexmark\flexmark-ext-ins\0.64.8\flexmark-ext-ins-0.64.8.jar;C:\Users\crist\.m2\repository\com\vladsch\flexmark\flexmark-ext-xwiki-macros\0.64.8\flexmark-ext-xwiki-macros-0.64.8.jar;C:\Users\crist\.m2\repository\com\vladsch\flexmark\flexmark-ext-superscript\0.64.8\flexmark-ext-superscript-0.64.8.jar;C:\Users\crist\.m2\repository\com\vladsch\flexmark\flexmark-ext-toc\0.64.8\flexmark-ext-toc-0.64.8.jar;C:\Users\crist\.m2\repository\com\vladsch\flexmark\flexmark-ext-typographic\0.64.8\flexmark-ext-typographic-0.64.8.jar;C:\Users\crist\.m2\repository\com\vladsch\flexmark\flexmark-ext-wikilink\0.64.8\flexmark-ext-wikilink-0.64.8.jar;C:\Users\crist\.m2\repository\com\vladsch\flexmark\flexmark-ext-yaml-front-matter\0.64.8\flexmark-ext-yaml-front-matter-0.64.8.jar;C:\Users\crist\.m2\repository\com\vladsch\flexmark\flexmark-ext-youtube-embedded\0.64.8\flexmark-ext-youtube-embedded-0.64.8.jar;C:\Users\crist\.m2\repository\com\vladsch\flexmark\flexmark-html2md-converter\0.64.8\flexmark-html2md-converter-0.64.8.jar;C:\Users\crist\.m2\repository\com\vladsch\flexmark\flexmark-jira-converter\0.64.8\flexmark-jira-converter-0.64.8.jar;C:\Users\crist\.m2\repository\com\vladsch\flexmark\flexmark-pdf-converter\0.64.8\flexmark-pdf-converter-0.64.8.jar;C:\Users\crist\.m2\repository\com\openhtmltopdf\openhtmltopdf-core\1.0.10\openhtmltopdf-core-1.0.10.jar;C:\Users\crist\.m2\repository\com\openhtmltopdf\openhtmltopdf-pdfbox\1.0.10\openhtmltopdf-pdfbox-1.0.10.jar;C:\Users\crist\.m2\repository\org\apache\pdfbox\pdfbox\2.0.24\pdfbox-2.0.24.jar;C:\Users\crist\.m2\repository\org\apache\pdfbox\fontbox\2.0.24\fontbox-2.0.24.jar;C:\Users\crist\.m2\repository\org\apache\pdfbox\xmpbox\2.0.24\xmpbox-2.0.24.jar;C:\Users\crist\.m2\repository\de\rototor\pdfbox\graphics2d\0.32\graphics2d-0.32.jar;C:\Users\crist\.m2\repository\com\openhtmltopdf\openhtmltopdf-rtl-support\1.0.10\openhtmltopdf-rtl-support-1.0.10.jar;C:\Users\crist\.m2\repository\com\vladsch\flexmark\flexmark-profile-pegdown\0.64.8\flexmark-profile-pegdown-0.64.8.jar;C:\Users\crist\.m2\repository\com\vladsch\flexmark\flexmark-util-ast\0.64.8\flexmark-util-ast-0.64.8.jar;C:\Users\crist\.m2\repository\org\jetbrains\annotations\24.0.1\annotations-24.0.1.jar;C:\Users\crist\.m2\repository\com\vladsch\flexmark\flexmark-util-builder\0.64.8\flexmark-util-builder-0.64.8.jar;C:\Users\crist\.m2\repository\com\vladsch\flexmark\flexmark-util-collection\0.64.8\flexmark-util-collection-0.64.8.jar;C:\Users\crist\.m2\repository\com\vladsch\flexmark\flexmark-util-data\0.64.8\flexmark-util-data-0.64.8.jar;C:\Users\crist\.m2\repository\com\vladsch\flexmark\flexmark-util-dependency\0.64.8\flexmark-util-dependency-0.64.8.jar;C:\Users\crist\.m2\repository\com\vladsch\flexmark\flexmark-util-format\0.64.8\flexmark-util-format-0.64.8.jar;C:\Users\crist\.m2\repository\com\vladsch\flexmark\flexmark-util-html\0.64.8\flexmark-util-html-0.64.8.jar;C:\Users\crist\.m2\repository\com\vladsch\flexmark\flexmark-util-misc\0.64.8\flexmark-util-misc-0.64.8.jar;C:\Users\crist\.m2\repository\com\vladsch\flexmark\flexmark-util-options\0.64.8\flexmark-util-options-0.64.8.jar;C:\Users\crist\.m2\repository\com\vladsch\flexmark\flexmark-util-sequence\0.64.8\flexmark-util-sequence-0.64.8.jar;C:\Users\crist\.m2\repository\com\vladsch\flexmark\flexmark-util-visitor\0.64.8\flexmark-util-visitor-0.64.8.jar;C:\Users\crist\.m2\repository\com\vladsch\flexmark\flexmark-youtrack-converter\0.64.8\flexmark-youtrack-converter-0.64.8.jar;C:\Users\crist\.m2\repository\com\vladsch\flexmark\flexmark-ext-resizable-image\0.64.8\flexmark-ext-resizable-image-0.64.8.jar;C:\Users\crist\.m2\repository\com\vladsch\flexmark\flexmark-ext-tables\0.64.8\flexmark-ext-tables-0.64.8.jar;C:\Users\crist\.m2\repository\com\vladsch\flexmark\flexmark-util\0.64.8\flexmark-util-0.64.8.jar;C:\Users\crist\.m2\repository\net\serenity-bdd\serenity-reports\4.1.17\serenity-reports-4.1.17.jar;C:\Users\crist\.m2\repository\net\serenity-bdd\serenity-stats\4.1.17\serenity-stats-4.1.17.jar;C:\Users\crist\.m2\repository\org\jetbrains\kotlin\kotlin-stdlib\1.9.24\kotlin-stdlib-1.9.24.jar;C:\Users\crist\.m2\repository\net\serenity-bdd\serenity-reports-configuration\4.1.17\serenity-reports-configuration-4.1.17.jar;C:\Users\crist\.m2\repository\com\ibm\icu\icu4j\72.1\icu4j-72.1.jar;C:\Users\crist\.m2\repository\es\nitaur\markdown\txtmark\0.16\txtmark-0.16.jar;C:\Users\crist\.m2\repository\net\serenity-bdd\serenity-report-resources\4.1.17\serenity-report-resources-4.1.17.jar;C:\Users\crist\.m2\repository\com\google\code\gson\gson\2.10.1\gson-2.10.1.jar;C:\Users\crist\.m2\repository\com\fasterxml\jackson\core\jackson-core\2.17.0\jackson-core-2.17.0.jar;C:\Users\crist\.m2\repository\com\fasterxml\jackson\core\jackson-databind\2.17.0\jackson-databind-2.17.0.jar;C:\Users\crist\.m2\repository\com\fasterxml\jackson\core\jackson-annotations\2.17.0\jackson-annotations-2.17.0.jar;C:\Users\crist\.m2\repository\commons-codec\commons-codec\1.16.1\commons-codec-1.16.1.jar;C:\Users\crist\.m2\repository\commons-io\commons-io\2.15.1\commons-io-2.15.1.jar;C:\Users\crist\.m2\repository\org\apache\httpcomponents\httpclient\4.5.13\httpclient-4.5.13.jar;C:\Users\crist\.m2\repository\org\apache\httpcomponents\httpcore\4.4.13\httpcore-4.4.13.jar;C:\Users\crist\.m2\repository\commons-logging\commons-logging\1.2\commons-logging-1.2.jar;C:\Users\crist\.m2\repository\org\seleniumhq\selenium\selenium-api\4.21.0\selenium-api-4.21.0.jar;C:\Users\crist\.m2\repository\org\seleniumhq\selenium\selenium-support\4.21.0\selenium-support-4.21.0.jar;C:\Users\crist\.m2\repository\com\google\auto\service\auto-service-annotations\1.1.1\auto-service-annotations-1.1.1.jar;C:\Users\crist\.m2\repository\org\seleniumhq\selenium\selenium-json\4.21.0\selenium-json-4.21.0.jar;C:\Users\crist\.m2\repository\org\seleniumhq\selenium\selenium-chrome-driver\4.21.0\selenium-chrome-driver-4.21.0.jar;C:\Users\crist\.m2\repository\org\seleniumhq\selenium\selenium-chromium-driver\4.21.0\selenium-chromium-driver-4.21.0.jar;C:\Users\crist\.m2\repository\org\seleniumhq\selenium\selenium-manager\4.21.0\selenium-manager-4.21.0.jar;C:\Users\crist\.m2\repository\org\seleniumhq\selenium\selenium-firefox-driver\4.21.0\selenium-firefox-driver-4.21.0.jar;C:\Users\crist\.m2\repository\org\seleniumhq\selenium\selenium-http\4.21.0\selenium-http-4.21.0.jar;C:\Users\crist\.m2\repository\dev\failsafe\failsafe\3.3.2\failsafe-3.3.2.jar;C:\Users\crist\.m2\repository\org\seleniumhq\selenium\selenium-edge-driver\4.21.0\selenium-edge-driver-4.21.0.jar;C:\Users\crist\.m2\repository\org\seleniumhq\selenium\selenium-ie-driver\4.21.0\selenium-ie-driver-4.21.0.jar;C:\Users\crist\.m2\repository\org\htmlunit\htmlunit\4.1.0\htmlunit-4.1.0.jar;C:\Users\crist\.m2\repository\org\apache\httpcomponents\httpmime\4.5.14\httpmime-4.5.14.jar;C:\Users\crist\.m2\repository\org\htmlunit\htmlunit-core-js\4.1.0\htmlunit-core-js-4.1.0.jar;C:\Users\crist\.m2\repository\org\htmlunit\neko-htmlunit\4.1.0\neko-htmlunit-4.1.0.jar;C:\Users\crist\.m2\repository\org\htmlunit\htmlunit-cssparser\4.1.0\htmlunit-cssparser-4.1.0.jar;C:\Users\crist\.m2\repository\org\htmlunit\htmlunit-xpath\4.1.0\htmlunit-xpath-4.1.0.jar;C:\Users\crist\.m2\repository\org\htmlunit\htmlunit-csp\4.1.0\htmlunit-csp-4.1.0.jar;C:\Users\crist\.m2\repository\org\htmlunit\htmlunit-websocket-client\4.1.0\htmlunit-websocket-client-4.1.0.jar;C:\Users\crist\.m2\repository\org\brotli\dec\0.1.2\dec-0.1.2.jar;C:\Users\crist\.m2\repository\org\seleniumhq\selenium\htmlunit3-driver\4.21.0\htmlunit3-driver-4.21.0.jar;C:\Users\crist\.m2\repository\io\appium\java-client\9.2.2\java-client-9.2.2.jar;C:\Users\crist\.m2\repository\org\apache\groovy\groovy\4.0.13\groovy-4.0.13.jar;C:\Users\crist\.m2\repository\net\sf\opencsv\opencsv\2.1\opencsv-2.1.jar;C:\Users\crist\.m2\repository\org\apache\commons\commons-lang3\3.14.0\commons-lang3-3.14.0.jar;C:\Users\crist\.m2\repository\org\apache\commons\commons-compress\1.26.0\commons-compress-1.26.0.jar;C:\Users\crist\.m2\repository\org\fluentlenium\fluentlenium-core\0.10.2\fluentlenium-core-0.10.2.jar;C:\Users\crist\.m2\repository\com\jhlabs\filters\2.0.235\filters-2.0.235.jar;C:\Users\crist\.m2\repository\com\paulhammant\ngwebdriver\1.1.6\ngwebdriver-1.1.6.jar;C:\Users\crist\.m2\repository\joda-time\joda-time\2.12.7\joda-time-2.12.7.jar;C:\Users\crist\.m2\repository\org\hamcrest\hamcrest\2.2\hamcrest-2.2.jar;C:\Users\crist\.m2\repository\com\google\jimfs\jimfs\1.3.0\jimfs-1.3.0.jar;C:\Users\crist\.m2\repository\org\mockito\mockito-core\3.3.3\mockito-core-3.3.3.jar;C:\Users\crist\.m2\repository\javax\xml\bind\jaxb-api\2.3.1\jaxb-api-2.3.1.jar;C:\Users\crist\.m2\repository\javax\activation\javax.activation-api\1.2.0\javax.activation-api-1.2.0.jar;C:\Users\crist\.m2\repository\com\sun\xml\bind\jaxb-core\2.3.0.1\jaxb-core-2.3.0.1.jar;C:\Users\crist\.m2\repository\com\sun\xml\bind\jaxb-impl\2.3.3\jaxb-impl-2.3.3.jar;C:\Users\crist\.m2\repository\com\sun\activation\jakarta.activation\1.2.2\jakarta.activation-1.2.2.jar;C:\Users\crist\.m2\repository\javax\activation\activation\1.1.1\activation-1.1.1.jar;C:\Users\crist\.m2\repository\net\serenity-bdd\serenity-junit\4.1.17\serenity-junit-4.1.17.jar;C:\Users\crist\.m2\repository\jakarta\xml\bind\jakarta.xml.bind-api\4.0.0\jakarta.xml.bind-api-4.0.0.jar;C:\Users\crist\.m2\repository\jakarta\activation\jakarta.activation-api\2.1.0\jakarta.activation-api-2.1.0.jar;C:\Users\crist\.m2\repository\net\serenity-bdd\serenity-screenplay\4.1.17\serenity-screenplay-4.1.17.jar;C:\Users\crist\.m2\repository\net\serenity-bdd\serenity-screenplay-webdriver\4.1.17\serenity-screenplay-webdriver-4.1.17.jar;C:\Users\crist\.m2\repository\net\serenity-bdd\serenity-cucumber\4.1.17\serenity-cucumber-4.1.17.jar;C:\Users\crist\.m2\repository\org\apache\commons\commons-csv\1.5\commons-csv-1.5.jar;C:\Users\crist\.m2\repository\org\seleniumhq\selenium\selenium-java\4.21.0\selenium-java-4.21.0.jar;C:\Users\crist\.m2\repository\org\seleniumhq\selenium\selenium-devtools-v123\4.21.0\selenium-devtools-v123-4.21.0.jar;C:\Users\crist\.m2\repository\org\seleniumhq\selenium\selenium-devtools-v124\4.21.0\selenium-devtools-v124-4.21.0.jar;C:\Users\crist\.m2\repository\org\seleniumhq\selenium\selenium-devtools-v125\4.21.0\selenium-devtools-v125-4.21.0.jar;C:\Users\crist\.m2\repository\org\seleniumhq\selenium\selenium-devtools-v85\4.21.0\selenium-devtools-v85-4.21.0.jar;C:\Users\crist\.m2\repository\org\seleniumhq\selenium\selenium-remote-driver\4.21.0\selenium-remote-driver-4.21.0.jar;C:\Users\crist\.m2\repository\io\opentelemetry\semconv\opentelemetry-semconv\1.25.0-alpha\opentelemetry-semconv-1.25.0-alpha.jar;C:\Users\crist\.m2\repository\io\opentelemetry\opentelemetry-api\1.38.0\opentelemetry-api-1.38.0.jar;C:\Users\crist\.m2\repository\io\opentelemetry\opentelemetry-context\1.38.0\opentelemetry-context-1.38.0.jar;C:\Users\crist\.m2\repository\io\opentelemetry\opentelemetry-exporter-logging\1.38.0\opentelemetry-exporter-logging-1.38.0.jar;C:\Users\crist\.m2\repository\io\opentelemetry\opentelemetry-sdk-common\1.38.0\opentelemetry-sdk-common-1.38.0.jar;C:\Users\crist\.m2\repository\io\opentelemetry\opentelemetry-sdk-extension-autoconfigure-spi\1.38.0\opentelemetry-sdk-extension-autoconfigure-spi-1.38.0.jar;C:\Users\crist\.m2\repository\io\opentelemetry\opentelemetry-sdk-extension-autoconfigure\1.38.0\opentelemetry-sdk-extension-autoconfigure-1.38.0.jar;C:\Users\crist\.m2\repository\io\opentelemetry\opentelemetry-api-incubator\1.38.0-alpha\opentelemetry-api-incubator-1.38.0-alpha.jar;C:\Users\crist\.m2\repository\io\opentelemetry\opentelemetry-sdk-trace\1.38.0\opentelemetry-sdk-trace-1.38.0.jar;C:\Users\crist\.m2\repository\io\opentelemetry\opentelemetry-sdk\1.38.0\opentelemetry-sdk-1.38.0.jar;C:\Users\crist\.m2\repository\io\opentelemetry\opentelemetry-sdk-metrics\1.38.0\opentelemetry-sdk-metrics-1.38.0.jar;C:\Users\crist\.m2\repository\io\opentelemetry\opentelemetry-sdk-logs\1.38.0\opentelemetry-sdk-logs-1.38.0.jar;C:\Users\crist\.m2\repository\org\seleniumhq\selenium\selenium-os\4.21.0\selenium-os-4.21.0.jar;C:\Users\crist\.m2\repository\org\apache\commons\commons-exec\1.4.0\commons-exec-1.4.0.jar;C:\Users\crist\.m2\repository\org\seleniumhq\selenium\selenium-safari-driver\4.21.0\selenium-safari-driver-4.21.0.jar;C:\Users\crist\.m2\repository\org\assertj\assertj-core\3.25.3\assertj-core-3.25.3.jar;C:\Users\crist\.m2\repository\net\bytebuddy\byte-buddy\1.14.11\byte-buddy-1.14.11.jar;C:\Users\crist\.m2\repository\org\postgresql\postgresql\42.7.3\postgresql-42.7.3.jar;C:\Users\crist\.m2\repository\org\checkerframework\checker-qual\3.42.0\checker-qual-3.42.0.jar;"/>
    <property name="java.vm.vendor" value="Oracle Corporation"/>
    <property name="sun.arch.data.model" value="64"/>
    <property name="user.variant" value=""/>
    <property name="java.vendor.url" value="https://java.oracle.com/"/>
    <property name="user.timezone" value="America/Lima"/>
    <property name="os.name" value="Windows 11"/>
    <property name="java.vm.specification.version" value="17"/>
    <property name="sun.java.launcher" value="SUN_STANDARD"/>
    <property name="user.country" value="PE"/>
    <property name="sun.boot.library.path" value="C:\Program Files\Java\jdk-17\bin"/>
    <property name="sun.java.command" value="C:\Users\crist\AppData\Local\Temp\surefire16961836636548112290\surefirebooter-20250917231625124_3.jar C:\Users\crist\AppData\Local\Temp\surefire16961836636548112290 2025-09-17T23-16-24_843-jvmRun1 surefire-20250917231625124_1tmp surefire_0-20250917231625124_2tmp"/>
    <property name="jdk.debug" value="release"/>
    <property name="surefire.test.class.path" value="D:\Automatizacion de pruebas web con Serenity BDD y Java\retoTae\target\test-classes;D:\Automatizacion de pruebas web con Serenity BDD y Java\retoTae\target\classes;C:\Users\crist\.m2\repository\io\cucumber\cucumber-java\7.15.0\cucumber-java-7.15.0.jar;C:\Users\crist\.m2\repository\io\cucumber\cucumber-core\7.15.0\cucumber-core-7.15.0.jar;C:\Users\crist\.m2\repository\io\cucumber\cucumber-gherkin\7.15.0\cucumber-gherkin-7.15.0.jar;C:\Users\crist\.m2\repository\io\cucumber\cucumber-gherkin-messages\7.15.0\cucumber-gherkin-messages-7.15.0.jar;C:\Users\crist\.m2\repository\io\cucumber\gherkin\26.2.0\gherkin-26.2.0.jar;C:\Users\crist\.m2\repository\io\cucumber\messages\22.0.0\messages-22.0.0.jar;C:\Users\crist\.m2\repository\io\cucumber\tag-expressions\6.0.0\tag-expressions-6.0.0.jar;C:\Users\crist\.m2\repository\io\cucumber\cucumber-expressions\17.0.1\cucumber-expressions-17.0.1.jar;C:\Users\crist\.m2\repository\io\cucumber\datatable\7.15.0\datatable-7.15.0.jar;C:\Users\crist\.m2\repository\io\cucumber\cucumber-plugin\7.15.0\cucumber-plugin-7.15.0.jar;C:\Users\crist\.m2\repository\io\cucumber\docstring\7.15.0\docstring-7.15.0.jar;C:\Users\crist\.m2\repository\io\cucumber\html-formatter\20.4.0\html-formatter-20.4.0.jar;C:\Users\crist\.m2\repository\io\cucumber\junit-xml-formatter\0.2.0\junit-xml-formatter-0.2.0.jar;C:\Users\crist\.m2\repository\io\cucumber\ci-environment\10.0.0\ci-environment-10.0.0.jar;C:\Users\crist\.m2\repository\org\apiguardian\apiguardian-api\1.1.2\apiguardian-api-1.1.2.jar;C:\Users\crist\.m2\repository\io\cucumber\cucumber-junit\7.15.0\cucumber-junit-7.15.0.jar;C:\Users\crist\.m2\repository\junit\junit\4.13.2\junit-4.13.2.jar;C:\Users\crist\.m2\repository\org\hamcrest\hamcrest-core\1.3\hamcrest-core-1.3.jar;C:\Users\crist\.m2\repository\net\serenity-bdd\serenity-core\4.1.17\serenity-core-4.1.17.jar;C:\Users\crist\.m2\repository\net\serenity-bdd\serenity-model\4.1.17\serenity-model-4.1.17.jar;C:\Users\crist\.m2\repository\org\apache\commons\commons-text\1.11.0\commons-text-1.11.0.jar;C:\Users\crist\.m2\repository\commons-net\commons-net\3.10.0\commons-net-3.10.0.jar;C:\Users\crist\.m2\repository\com\google\guava\guava\33.1.0-jre\guava-33.1.0-jre.jar;C:\Users\crist\.m2\repository\com\google\guava\failureaccess\1.0.2\failureaccess-1.0.2.jar;C:\Users\crist\.m2\repository\com\google\guava\listenablefuture\9999.0-empty-to-avoid-conflict-with-guava\listenablefuture-9999.0-empty-to-avoid-conflict-with-guava.jar;C:\Users\crist\.m2\repository\com\google\code\findbugs\jsr305\3.0.2\jsr305-3.0.2.jar;C:\Users\crist\.m2\repository\com\google\errorprone\error_prone_annotations\2.26.1\error_prone_annotations-2.26.1.jar;C:\Users\crist\.m2\repository\com\google\j2objc\j2objc-annotations\3.0.0\j2objc-annotations-3.0.0.jar;C:\Users\crist\.m2\repository\org\slf4j\slf4j-api\2.0.9\slf4j-api-2.0.9.jar;C:\Users\crist\.m2\repository\org\jsoup\jsoup\1.15.4\jsoup-1.15.4.jar;C:\Users\crist\.m2\repository\com\thoughtworks\xstream\xstream\1.4.20\xstream-1.4.20.jar;C:\Users\crist\.m2\repository\io\github\x-stream\mxparser\1.2.2\mxparser-1.2.2.jar;C:\Users\crist\.m2\repository\xmlpull\xmlpull\1.1.3.1\xmlpull-1.1.3.1.jar;C:\Users\crist\.m2\repository\com\typesafe\config\1.4.3\config-1.4.3.jar;C:\Users\crist\.m2\repository\org\imgscalr\imgscalr-lib\4.2\imgscalr-lib-4.2.jar;C:\Users\crist\.m2\repository\org\awaitility\awaitility\4.2.0\awaitility-4.2.0.jar;C:\Users\crist\.m2\repository\org\freemarker\freemarker\2.3.32\freemarker-2.3.32.jar;C:\Users\crist\.m2\repository\io\github\classgraph\classgraph\4.8.157\classgraph-4.8.157.jar;C:\Users\crist\.m2\repository\com\github\ben-manes\caffeine\caffeine\2.9.2\caffeine-2.9.2.jar;C:\Users\crist\.m2\repository\org\ehcache\ehcache\3.10.8\ehcache-3.10.8.jar;C:\Users\crist\.m2\repository\javax\cache\cache-api\1.1.0\cache-api-1.1.0.jar;C:\Users\crist\.m2\repository\net\sourceforge\jexcelapi\jxl\2.6.12\jxl-2.6.12.jar;C:\Users\crist\.m2\repository\net\bytebuddy\byte-buddy-agent\1.14.15\byte-buddy-agent-1.14.15.jar;C:\Users\crist\.m2\repository\org\objenesis\objenesis\3.3\objenesis-3.3.jar;C:\Users\crist\.m2\repository\com\vladsch\flexmark\flexmark-all\0.64.8\flexmark-all-0.64.8.jar;C:\Users\crist\.m2\repository\com\vladsch\flexmark\flexmark\0.64.8\flexmark-0.64.8.jar;C:\Users\crist\.m2\repository\com\vladsch\flexmark\flexmark-ext-abbreviation\0.64.8\flexmark-ext-abbreviation-0.64.8.jar;C:\Users\crist\.m2\repository\com\vladsch\flexmark\flexmark-ext-admonition\0.64.8\flexmark-ext-admonition-0.64.8.jar;C:\Users\crist\.m2\repository\com\vladsch\flexmark\flexmark-ext-anchorlink\0.64.8\flexmark-ext-anchorlink-0.64.8.jar;C:\Users\crist\.m2\repository\com\vladsch\flexmark\flexmark-ext-aside\0.64.8\flexmark-ext-aside-0.64.8.jar;C:\Users\crist\.m2\repository\com\vladsch\flexmark\flexmark-ext-attributes\0.64.8\flexmark-ext-attributes-0.64.8.jar;C:\Users\crist\.m2\repository\com\vladsch\flexmark\flexmark-ext-autolink\0.64.8\flexmark-ext-autolink-0.64.8.jar;C:\Users\crist\.m2\repository\org\nibor\autolink\autolink\0.6.0\autolink-0.6.0.jar;C:\Users\crist\.m2\repository\com\vladsch\flexmark\flexmark-ext-definition\0.64.8\flexmark-ext-definition-0.64.8.jar;C:\Users\crist\.m2\repository\com\vladsch\flexmark\flexmark-ext-emoji\0.64.8\flexmark-ext-emoji-0.64.8.jar;C:\Users\crist\.m2\repository\com\vladsch\flexmark\flexmark-ext-enumerated-reference\0.64.8\flexmark-ext-enumerated-reference-0.64.8.jar;C:\Users\crist\.m2\repository\com\vladsch\flexmark\flexmark-ext-escaped-character\0.64.8\flexmark-ext-escaped-character-0.64.8.jar;C:\Users\crist\.m2\repository\com\vladsch\flexmark\flexmark-ext-footnotes\0.64.8\flexmark-ext-footnotes-0.64.8.jar;C:\Users\crist\.m2\repository\com\vladsch\flexmark\flexmark-ext-gfm-issues\0.64.8\flexmark-ext-gfm-issues-0.64.8.jar;C:\Users\crist\.m2\repository\com\vladsch\flexmark\flexmark-ext-gfm-strikethrough\0.64.8\flexmark-ext-gfm-strikethrough-0.64.8.jar;C:\Users\crist\.m2\repository\com\vladsch\flexmark\flexmark-ext-gfm-tasklist\0.64.8\flexmark-ext-gfm-tasklist-0.64.8.jar;C:\Users\crist\.m2\repository\com\vladsch\flexmark\flexmark-ext-gfm-users\0.64.8\flexmark-ext-gfm-users-0.64.8.jar;C:\Users\crist\.m2\repository\com\vladsch\flexmark\flexmark-ext-gitlab\0.64.8\flexmark-ext-gitlab-0.64.8.jar;C:\Users\crist\.m2\repository\com\vladsch\flexmark\flexmark-ext-jekyll-front-matter\0.64.8\flexmark-ext-jekyll-front-matter-0.64.8.jar;C:\Users\crist\.m2\repository\com\vladsch\flexmark\flexmark-ext-jekyll-tag\0.64.8\flexmark-ext-jekyll-tag-0.64.8.jar;C:\Users\crist\.m2\repository\com\vladsch\flexmark\flexmark-ext-media-tags\0.64.8\flexmark-ext-media-tags-0.64.8.jar;C:\Users\crist\.m2\repository\com\vladsch\flexmark\flexmark-ext-macros\0.64.8\flexmark-ext-macros-0.64.8.jar;C:\Users\crist\.m2\repository\com\vladsch\flexmark\flexmark-ext-ins\0.64.8\flexmark-ext-ins-0.64.8.jar;C:\Users\crist\.m2\repository\com\vladsch\flexmark\flexmark-ext-xwiki-macros\0.64.8\flexmark-ext-xwiki-macros-0.64.8.jar;C:\Users\crist\.m2\repository\com\vladsch\flexmark\flexmark-ext-superscript\0.64.8\flexmark-ext-superscript-0.64.8.jar;C:\Users\crist\.m2\repository\com\vladsch\flexmark\flexmark-ext-toc\0.64.8\flexmark-ext-toc-0.64.8.jar;C:\Users\crist\.m2\repository\com\vladsch\flexmark\flexmark-ext-typographic\0.64.8\flexmark-ext-typographic-0.64.8.jar;C:\Users\crist\.m2\repository\com\vladsch\flexmark\flexmark-ext-wikilink\0.64.8\flexmark-ext-wikilink-0.64.8.jar;C:\Users\crist\.m2\repository\com\vladsch\flexmark\flexmark-ext-yaml-front-matter\0.64.8\flexmark-ext-yaml-front-matter-0.64.8.jar;C:\Users\crist\.m2\repository\com\vladsch\flexmark\flexmark-ext-youtube-embedded\0.64.8\flexmark-ext-youtube-embedded-0.64.8.jar;C:\Users\crist\.m2\repository\com\vladsch\flexmark\flexmark-html2md-converter\0.64.8\flexmark-html2md-converter-0.64.8.jar;C:\Users\crist\.m2\repository\com\vladsch\flexmark\flexmark-jira-converter\0.64.8\flexmark-jira-converter-0.64.8.jar;C:\Users\crist\.m2\repository\com\vladsch\flexmark\flexmark-pdf-converter\0.64.8\flexmark-pdf-converter-0.64.8.jar;C:\Users\crist\.m2\repository\com\openhtmltopdf\openhtmltopdf-core\1.0.10\openhtmltopdf-core-1.0.10.jar;C:\Users\crist\.m2\repository\com\openhtmltopdf\openhtmltopdf-pdfbox\1.0.10\openhtmltopdf-pdfbox-1.0.10.jar;C:\Users\crist\.m2\repository\org\apache\pdfbox\pdfbox\2.0.24\pdfbox-2.0.24.jar;C:\Users\crist\.m2\repository\org\apache\pdfbox\fontbox\2.0.24\fontbox-2.0.24.jar;C:\Users\crist\.m2\repository\org\apache\pdfbox\xmpbox\2.0.24\xmpbox-2.0.24.jar;C:\Users\crist\.m2\repository\de\rototor\pdfbox\graphics2d\0.32\graphics2d-0.32.jar;C:\Users\crist\.m2\repository\com\openhtmltopdf\openhtmltopdf-rtl-support\1.0.10\openhtmltopdf-rtl-support-1.0.10.jar;C:\Users\crist\.m2\repository\com\vladsch\flexmark\flexmark-profile-pegdown\0.64.8\flexmark-profile-pegdown-0.64.8.jar;C:\Users\crist\.m2\repository\com\vladsch\flexmark\flexmark-util-ast\0.64.8\flexmark-util-ast-0.64.8.jar;C:\Users\crist\.m2\repository\org\jetbrains\annotations\24.0.1\annotations-24.0.1.jar;C:\Users\crist\.m2\repository\com\vladsch\flexmark\flexmark-util-builder\0.64.8\flexmark-util-builder-0.64.8.jar;C:\Users\crist\.m2\repository\com\vladsch\flexmark\flexmark-util-collection\0.64.8\flexmark-util-collection-0.64.8.jar;C:\Users\crist\.m2\repository\com\vladsch\flexmark\flexmark-util-data\0.64.8\flexmark-util-data-0.64.8.jar;C:\Users\crist\.m2\repository\com\vladsch\flexmark\flexmark-util-dependency\0.64.8\flexmark-util-dependency-0.64.8.jar;C:\Users\crist\.m2\repository\com\vladsch\flexmark\flexmark-util-format\0.64.8\flexmark-util-format-0.64.8.jar;C:\Users\crist\.m2\repository\com\vladsch\flexmark\flexmark-util-html\0.64.8\flexmark-util-html-0.64.8.jar;C:\Users\crist\.m2\repository\com\vladsch\flexmark\flexmark-util-misc\0.64.8\flexmark-util-misc-0.64.8.jar;C:\Users\crist\.m2\repository\com\vladsch\flexmark\flexmark-util-options\0.64.8\flexmark-util-options-0.64.8.jar;C:\Users\crist\.m2\repository\com\vladsch\flexmark\flexmark-util-sequence\0.64.8\flexmark-util-sequence-0.64.8.jar;C:\Users\crist\.m2\repository\com\vladsch\flexmark\flexmark-util-visitor\0.64.8\flexmark-util-visitor-0.64.8.jar;C:\Users\crist\.m2\repository\com\vladsch\flexmark\flexmark-youtrack-converter\0.64.8\flexmark-youtrack-converter-0.64.8.jar;C:\Users\crist\.m2\repository\com\vladsch\flexmark\flexmark-ext-resizable-image\0.64.8\flexmark-ext-resizable-image-0.64.8.jar;C:\Users\crist\.m2\repository\com\vladsch\flexmark\flexmark-ext-tables\0.64.8\flexmark-ext-tables-0.64.8.jar;C:\Users\crist\.m2\repository\com\vladsch\flexmark\flexmark-util\0.64.8\flexmark-util-0.64.8.jar;C:\Users\crist\.m2\repository\net\serenity-bdd\serenity-reports\4.1.17\serenity-reports-4.1.17.jar;C:\Users\crist\.m2\repository\net\serenity-bdd\serenity-stats\4.1.17\serenity-stats-4.1.17.jar;C:\Users\crist\.m2\repository\org\jetbrains\kotlin\kotlin-stdlib\1.9.24\kotlin-stdlib-1.9.24.jar;C:\Users\crist\.m2\repository\net\serenity-bdd\serenity-reports-configuration\4.1.17\serenity-reports-configuration-4.1.17.jar;C:\Users\crist\.m2\repository\com\ibm\icu\icu4j\72.1\icu4j-72.1.jar;C:\Users\crist\.m2\repository\es\nitaur\markdown\txtmark\0.16\txtmark-0.16.jar;C:\Users\crist\.m2\repository\net\serenity-bdd\serenity-report-resources\4.1.17\serenity-report-resources-4.1.17.jar;C:\Users\crist\.m2\repository\com\google\code\gson\gson\2.10.1\gson-2.10.1.jar;C:\Users\crist\.m2\repository\com\fasterxml\jackson\core\jackson-core\2.17.0\jackson-core-2.17.0.jar;C:\Users\crist\.m2\repository\com\fasterxml\jackson\core\jackson-databind\2.17.0\jackson-databind-2.17.0.jar;C:\Users\crist\.m2\repository\com\fasterxml\jackson\core\jackson-annotations\2.17.0\jackson-annotations-2.17.0.jar;C:\Users\crist\.m2\repository\commons-codec\commons-codec\1.16.1\commons-codec-1.16.1.jar;C:\Users\crist\.m2\repository\commons-io\commons-io\2.15.1\commons-io-2.15.1.jar;C:\Users\crist\.m2\repository\org\apache\httpcomponents\httpclient\4.5.13\httpclient-4.5.13.jar;C:\Users\crist\.m2\repository\org\apache\httpcomponents\httpcore\4.4.13\httpcore-4.4.13.jar;C:\Users\crist\.m2\repository\commons-logging\commons-logging\1.2\commons-logging-1.2.jar;C:\Users\crist\.m2\repository\org\seleniumhq\selenium\selenium-api\4.21.0\selenium-api-4.21.0.jar;C:\Users\crist\.m2\repository\org\seleniumhq\selenium\selenium-support\4.21.0\selenium-support-4.21.0.jar;C:\Users\crist\.m2\repository\com\google\auto\service\auto-service-annotations\1.1.1\auto-service-annotations-1.1.1.jar;C:\Users\crist\.m2\repository\org\seleniumhq\selenium\selenium-json\4.21.0\selenium-json-4.21.0.jar;C:\Users\crist\.m2\repository\org\seleniumhq\selenium\selenium-chrome-driver\4.21.0\selenium-chrome-driver-4.21.0.jar;C:\Users\crist\.m2\repository\org\seleniumhq\selenium\selenium-chromium-driver\4.21.0\selenium-chromium-driver-4.21.0.jar;C:\Users\crist\.m2\repository\org\seleniumhq\selenium\selenium-manager\4.21.0\selenium-manager-4.21.0.jar;C:\Users\crist\.m2\repository\org\seleniumhq\selenium\selenium-firefox-driver\4.21.0\selenium-firefox-driver-4.21.0.jar;C:\Users\crist\.m2\repository\org\seleniumhq\selenium\selenium-http\4.21.0\selenium-http-4.21.0.jar;C:\Users\crist\.m2\repository\dev\failsafe\failsafe\3.3.2\failsafe-3.3.2.jar;C:\Users\crist\.m2\repository\org\seleniumhq\selenium\selenium-edge-driver\4.21.0\selenium-edge-driver-4.21.0.jar;C:\Users\crist\.m2\repository\org\seleniumhq\selenium\selenium-ie-driver\4.21.0\selenium-ie-driver-4.21.0.jar;C:\Users\crist\.m2\repository\org\htmlunit\htmlunit\4.1.0\htmlunit-4.1.0.jar;C:\Users\crist\.m2\repository\org\apache\httpcomponents\httpmime\4.5.14\httpmime-4.5.14.jar;C:\Users\crist\.m2\repository\org\htmlunit\htmlunit-core-js\4.1.0\htmlunit-core-js-4.1.0.jar;C:\Users\crist\.m2\repository\org\htmlunit\neko-htmlunit\4.1.0\neko-htmlunit-4.1.0.jar;C:\Users\crist\.m2\repository\org\htmlunit\htmlunit-cssparser\4.1.0\htmlunit-cssparser-4.1.0.jar;C:\Users\crist\.m2\repository\org\htmlunit\htmlunit-xpath\4.1.0\htmlunit-xpath-4.1.0.jar;C:\Users\crist\.m2\repository\org\htmlunit\htmlunit-csp\4.1.0\htmlunit-csp-4.1.0.jar;C:\Users\crist\.m2\repository\org\htmlunit\htmlunit-websocket-client\4.1.0\htmlunit-websocket-client-4.1.0.jar;C:\Users\crist\.m2\repository\org\brotli\dec\0.1.2\dec-0.1.2.jar;C:\Users\crist\.m2\repository\org\seleniumhq\selenium\htmlunit3-driver\4.21.0\htmlunit3-driver-4.21.0.jar;C:\Users\crist\.m2\repository\io\appium\java-client\9.2.2\java-client-9.2.2.jar;C:\Users\crist\.m2\repository\org\apache\groovy\groovy\4.0.13\groovy-4.0.13.jar;C:\Users\crist\.m2\repository\net\sf\opencsv\opencsv\2.1\opencsv-2.1.jar;C:\Users\crist\.m2\repository\org\apache\commons\commons-lang3\3.14.0\commons-lang3-3.14.0.jar;C:\Users\crist\.m2\repository\org\apache\commons\commons-compress\1.26.0\commons-compress-1.26.0.jar;C:\Users\crist\.m2\repository\org\fluentlenium\fluentlenium-core\0.10.2\fluentlenium-core-0.10.2.jar;C:\Users\crist\.m2\repository\com\jhlabs\filters\2.0.235\filters-2.0.235.jar;C:\Users\crist\.m2\repository\com\paulhammant\ngwebdriver\1.1.6\ngwebdriver-1.1.6.jar;C:\Users\crist\.m2\repository\joda-time\joda-time\2.12.7\joda-time-2.12.7.jar;C:\Users\crist\.m2\repository\org\hamcrest\hamcrest\2.2\hamcrest-2.2.jar;C:\Users\crist\.m2\repository\com\google\jimfs\jimfs\1.3.0\jimfs-1.3.0.jar;C:\Users\crist\.m2\repository\org\mockito\mockito-core\3.3.3\mockito-core-3.3.3.jar;C:\Users\crist\.m2\repository\javax\xml\bind\jaxb-api\2.3.1\jaxb-api-2.3.1.jar;C:\Users\crist\.m2\repository\javax\activation\javax.activation-api\1.2.0\javax.activation-api-1.2.0.jar;C:\Users\crist\.m2\repository\com\sun\xml\bind\jaxb-core\2.3.0.1\jaxb-core-2.3.0.1.jar;C:\Users\crist\.m2\repository\com\sun\xml\bind\jaxb-impl\2.3.3\jaxb-impl-2.3.3.jar;C:\Users\crist\.m2\repository\com\sun\activation\jakarta.activation\1.2.2\jakarta.activation-1.2.2.jar;C:\Users\crist\.m2\repository\javax\activation\activation\1.1.1\activation-1.1.1.jar;C:\Users\crist\.m2\repository\net\serenity-bdd\serenity-junit\4.1.17\serenity-junit-4.1.17.jar;C:\Users\crist\.m2\repository\jakarta\xml\bind\jakarta.xml.bind-api\4.0.0\jakarta.xml.bind-api-4.0.0.jar;C:\Users\crist\.m2\repository\jakarta\activation\jakarta.activation-api\2.1.0\jakarta.activation-api-2.1.0.jar;C:\Users\crist\.m2\repository\net\serenity-bdd\serenity-screenplay\4.1.17\serenity-screenplay-4.1.17.jar;C:\Users\crist\.m2\repository\net\serenity-bdd\serenity-screenplay-webdriver\4.1.17\serenity-screenplay-webdriver-4.1.17.jar;C:\Users\crist\.m2\repository\net\serenity-bdd\serenity-cucumber\4.1.17\serenity-cucumber-4.1.17.jar;C:\Users\crist\.m2\repository\org\apache\commons\commons-csv\1.5\commons-csv-1.5.jar;C:\Users\crist\.m2\repository\org\seleniumhq\selenium\selenium-java\4.21.0\selenium-java-4.21.0.jar;C:\Users\crist\.m2\repository\org\seleniumhq\selenium\selenium-devtools-v123\4.21.0\selenium-devtools-v123-4.21.0.jar;C:\Users\crist\.m2\repository\org\seleniumhq\selenium\selenium-devtools-v124\4.21.0\selenium-devtools-v124-4.21.0.jar;C:\Users\crist\.m2\repository\org\seleniumhq\selenium\selenium-devtools-v125\4.21.0\selenium-devtools-v125-4.21.0.jar;C:\Users\crist\.m2\repository\org\seleniumhq\selenium\selenium-devtools-v85\4.21.0\selenium-devtools-v85-4.21.0.jar;C:\Users\crist\.m2\repository\org\seleniumhq\selenium\selenium-remote-driver\4.21.0\selenium-remote-driver-4.21.0.jar;C:\Users\crist\.m2\repository\io\opentelemetry\semconv\opentelemetry-semconv\1.25.0-alpha\opentelemetry-semconv-1.25.0-alpha.jar;C:\Users\crist\.m2\repository\io\opentelemetry\opentelemetry-api\1.38.0\opentelemetry-api-1.38.0.jar;C:\Users\crist\.m2\repository\io\opentelemetry\opentelemetry-context\1.38.0\opentelemetry-context-1.38.0.jar;C:\Users\crist\.m2\repository\io\opentelemetry\opentelemetry-exporter-logging\1.38.0\opentelemetry-exporter-logging-1.38.0.jar;C:\Users\crist\.m2\repository\io\opentelemetry\opentelemetry-sdk-common\1.38.0\opentelemetry-sdk-common-1.38.0.jar;C:\Users\crist\.m2\repository\io\opentelemetry\opentelemetry-sdk-extension-autoconfigure-spi\1.38.0\opentelemetry-sdk-extension-autoconfigure-spi-1.38.0.jar;C:\Users\crist\.m2\repository\io\opentelemetry\opentelemetry-sdk-extension-autoconfigure\1.38.0\opentelemetry-sdk-extension-autoconfigure-1.38.0.jar;C:\Users\crist\.m2\repository\io\opentelemetry\opentelemetry-api-incubator\1.38.0-alpha\opentelemetry-api-incubator-1.38.0-alpha.jar;C:\Users\crist\.m2\repository\io\opentelemetry\opentelemetry-sdk-trace\1.38.0\opentelemetry-sdk-trace-1.38.0.jar;C:\Users\crist\.m2\repository\io\opentelemetry\opentelemetry-sdk\1.38.0\opentelemetry-sdk-1.38.0.jar;C:\Users\crist\.m2\repository\io\opentelemetry\opentelemetry-sdk-metrics\1.38.0\opentelemetry-sdk-metrics-1.38.0.jar;C:\Users\crist\.m2\repository\io\opentelemetry\opentelemetry-sdk-logs\1.38.0\opentelemetry-sdk-logs-1.38.0.jar;C:\Users\crist\.m2\repository\org\seleniumhq\selenium\selenium-os\4.21.0\selenium-os-4.21.0.jar;C:\Users\crist\.m2\repository\org\apache\commons\commons-exec\1.4.0\commons-exec-1.4.0.jar;C:\Users\crist\.m2\repository\org\seleniumhq\selenium\selenium-safari-driver\4.21.0\selenium-safari-driver-4.21.0.jar;C:\Users\crist\.m2\repository\org\assertj\assertj-core\3.25.3\assertj-core-3.25.3.jar;C:\Users\crist\.m2\repository\net\bytebuddy\byte-buddy\1.14.11\byte-buddy-1.14.11.jar;C:\Users\crist\.m2\repository\org\postgresql\postgresql\42.7.3\postgresql-42.7.3.jar;C:\Users\crist\.m2\repository\org\checkerframework\checker-qual\3.42.0\checker-qual-3.42.0.jar;"/>
    <property name="sun.cpu.endian" value="little"/>
    <property name="user.home" value="C:\Users\crist"/>
    <property name="user.language" value="es"/>
    <property name="java.specification.vendor" value="Oracle Corporation"/>
    <property name="java.version.date" value="2024-07-16"/>
    <property name="java.home" value="C:\Program Files\Java\jdk-17"/>
    <property name="file.separator" value="\"/>
    <property name="basedir" value="D:\Automatizacion de pruebas web con Serenity BDD y Java\retoTae"/>
    <property name="java.vm.compressedOopsMode" value="Zero based"/>
    <property name="line.separator" value="&#10;"/>
    <property name="java.vm.specification.vendor" value="Oracle Corporation"/>
    <property name="java.specification.name" value="Java Platform API Specification"/>
    <property name="surefire.real.class.path" value="C:\Users\crist\AppData\Local\Temp\surefire16961836636548112290\surefirebooter-20250917231625124_3.jar"/>
    <property name="user.script" value=""/>
    <property name="sun.management.compiler" value="HotSpot 64-Bit Tiered Compilers"/>
    <property name="java.runtime.version" value="17.0.12+8-LTS-286"/>
    <property name="user.name" value="crist"/>
    <property name="path.separator" value=";"/>
    <property name="os.version" value="10.0"/>
    <property name="java.runtime.name" value="Java(TM) SE Runtime Environment"/>
    <property name="file.encoding" value="Cp1252"/>
    <property name="java.vm.name" value="Java HotSpot(TM) 64-Bit Server VM"/>
    <property name="localRepository" value="C:\Users\crist\.m2\repository"/>
    <property name="java.vendor.url.bug" value="https://bugreport.java.com/bugreport/"/>
    <property name="java.io.tmpdir" value="C:\Users\crist\AppData\Local\Temp\"/>
    <property name="java.version" value="17.0.12"/>
    <property name="user.dir" value="D:\Automatizacion de pruebas web con Serenity BDD y Java\retoTae"/>
    <property name="os.arch" value="amd64"/>
    <property name="java.vm.specification.name" value="Java Virtual Machine Specification"/>
    <property name="sun.os.patch.level" value=""/>
    <property name="native.encoding" value="Cp1252"/>
    <property name="java.library.path" value="C:\Program Files\Java\jdk-17\bin;C:\WINDOWS\Sun\Java\bin;C:\WINDOWS\system32;C:\WINDOWS;C:\Program Files\Git\mingw64\bin;C:\Program Files\Git\usr\bin;C:\Users\crist\bin;C:\Program Files\Common Files\Oracle\Java\javapath;C:\Windows\system32;C:\Windows;C:\Windows\System32\Wbem;C:\Windows\System32\WindowsPowerShell\v1.0;C:\Windows\System32\OpenSSH;C:\Program Files (x86)\NVIDIA Corporation\PhysX\Common;C:\Program Files\NVIDIA Corporation\NVIDIA NvDLISR;C:\Program Files\Git\cmd;C:\allure-2.13.9\bin;C:\Users\crist\AppData\Local\Android\Sdk\platform-tools;C:\Users\crist\AppData\Local\Android\Sdk\tools;C:\maven\apache-maven-3.6.3\bin;C:\gradle\gradle-8.14.3\bin;C:\Program Files\kube;C:\Program Files\Java\jdk-11.0.14\bin;C:\WINDOWS\system32;C:\WINDOWS;C:\WINDOWS\System32\Wbem;C:\WINDOWS\System32\WindowsPowerShell\v1.0;C:\WINDOWS\System32\OpenSSH;C:\Program Files\nodejs;C:\Program Files (x86)\Micro Focus\LoadRunner\bin\Silk\Silk Performer 21.0;C:\Program Files\Docker\Docker\resources\bin;C:\Program Files\k6;C:\Users\crist\AppData\Local\Programs\Python\Python312\Scripts;C:\Users\crist\AppData\Local\Programs\Python\Python312;C:\Users\crist\AppData\Local\Programs\Python\Python39\Scripts;C:\Users\crist\AppData\Local\Programs\Python\Python39;C:\Users\crist\AppData\Local\Microsoft\WindowsApps;C:\Users\crist\AppData\Local\Programs\Microsoft VS Code\bin;C:\Program Files\JetBrains\PyCharm Community Edition 2021.2.2\bin;C:\maven\apache-maven-3.6.3\bin;C:\Program Files\JetBrains\IntelliJ IDEA Community Edition 2021.3.1\bin;C:\Program Files\Java\jdk-11.0.14\bin;C:\gradle\gradle-8.14.3\bin;C:\Users\crist\AppData\Local\Programs\oh-my-posh\bin;C:\Users\crist\AppData\Roaming\npm;C:\Program Files\Tesseract-OCR;C:\Program Files\poppler-0.68.0\bin;."/>
    <property name="java.vm.info" value="mixed mode, sharing"/>
    <property name="java.vendor" value="Oracle Corporation"/>
    <property name="java.vm.version" value="17.0.12+8-LTS-286"/>
    <property name="sun.io.unicode.encoding" value="UnicodeLittle"/>
    <property name="java.class.version" value="61.0"/>
  </properties>
  <testcase name="Login exitoso con credenciales válidas" classname="Login en SauceDemo" time="9.754">
    <system-out><![CDATA[
@Login @LoginSuccessful
Scenario: Login exitoso con credenciales vÃ¡lidas                 &amp#27;[90m# features/login.feature:9&amp#27;[0m
  &amp#27;[32mGiven &amp#27;[0m&amp#27;[32mque el &amp#27;[0m&amp#27;[32m&amp#27;[1musuario&amp#27;[0m&amp#27;[32m abre la pÃ¡gina de SauceDemo&amp#27;[0m               &amp#27;[90m# pe.interbank.saucedemo.stepsDefinition.LoginStepsDefs.queElUsuarioAbreLaPÃ¡ginaDeSauceDemo(net.serenitybdd.screenplay.Actor)&amp#27;[0m
  &amp#27;[32mWhen &amp#27;[0m&amp#27;[32minicia sesion con las credenciales &amp#27;[0m&amp#27;[32m&amp#27;[1m"standard_user"&amp#27;[0m&amp#27;[32m, &amp#27;[0m&amp#27;[32m&amp#27;[1m"tdm"&amp#27;[0m &amp#27;[90m# pe.interbank.saucedemo.stepsDefinition.LoginStepsDefs.iniciaSesionConLasCredenciales(java.lang.String,java.lang.String)&amp#27;[0m
  &amp#27;[32mThen &amp#27;[0m&amp#27;[32mel login es satisfactorio&amp#27;[0m                                 &amp#27;[90m# pe.interbank.saucedemo.stepsDefinition.LoginStepsDefs.elLoginEsSatisfactorio()&amp#27;[0m
]]></system-out>
    <system-err><![CDATA[SLF4J: No SLF4J providers were found.
SLF4J: Defaulting to no-operation (NOP) logger implementation
SLF4J: See https://www.slf4j.org/codes.html#noProviders for further details.
set. 17, 2025 11:16:30 P. M. org.openqa.selenium.devtools.CdpVersionFinder findNearestMatch
WARNING: Unable to find CDP implementation matching 140
set. 17, 2025 11:16:30 P. M. org.openqa.selenium.chromium.ChromiumDriver lambda$new$5
WARNING: Unable to find version of CDP to use for 140.0.7339.80. You may need to include a dependency on a specific version of the CDP using something similar to `org.seleniumhq.selenium:selenium-devtools-v86:4.21.0` where the version ("v86") matches the version of the chromium-based browser you're using and the version number of the artifact is the same as Selenium's.
]]></system-err>
  </testcase>
  <testcase name="Login exitoso con credenciales incorrectas #1" classname="Login en SauceDemo" time="6.75">
    <system-out><![CDATA[
@Login @LoginFailed
Scenario Outline: Login exitoso con credenciales incorrectas       &amp#27;[90m# features/login.feature:21&amp#27;[0m
  &amp#27;[32mGiven &amp#27;[0m&amp#27;[32mque el &amp#27;[0m&amp#27;[32m&amp#27;[1musuario&amp#27;[0m&amp#27;[32m abre la pÃ¡gina de SauceDemo&amp#27;[0m                 &amp#27;[90m# pe.interbank.saucedemo.stepsDefinition.LoginStepsDefs.queElUsuarioAbreLaPÃ¡ginaDeSauceDemo(net.serenitybdd.screenplay.Actor)&amp#27;[0m
  &amp#27;[32mWhen &amp#27;[0m&amp#27;[32minicia sesion con las credenciales &amp#27;[0m&amp#27;[32m&amp#27;[1m"locked_out_user"&amp#27;[0m&amp#27;[32m, &amp#27;[0m&amp#27;[32m&amp#27;[1m"tdm"&amp#27;[0m &amp#27;[90m# pe.interbank.saucedemo.stepsDefinition.LoginStepsDefs.iniciaSesionConLasCredenciales(java.lang.String,java.lang.String)&amp#27;[0m
  &amp#27;[32mThen &amp#27;[0m&amp#27;[32mdeberÃ­a ver un mensaje de error&amp#27;[0m                             &amp#27;[90m# pe.interbank.saucedemo.stepsDefinition.LoginStepsDefs.deberÃ­aVerUnMensajeDeError()&amp#27;[0m
]]></system-out>
    <system-err><![CDATA[set. 17, 2025 11:16:38 P. M. org.openqa.selenium.devtools.CdpVersionFinder findNearestMatch
WARNING: Unable to find CDP implementation matching 140
set. 17, 2025 11:16:38 P. M. org.openqa.selenium.chromium.ChromiumDriver lambda$new$5
WARNING: Unable to find version of CDP to use for 140.0.7339.80. You may need to include a dependency on a specific version of the CDP using something similar to `org.seleniumhq.selenium:selenium-devtools-v86:4.21.0` where the version ("v86") matches the version of the chromium-based browser you're using and the version number of the artifact is the same as Selenium's.
]]></system-err>
  </testcase>
  <testcase name="Login exitoso con credenciales incorrectas #2" classname="Login en SauceDemo" time="5.224">
    <system-out><![CDATA[
@Login @LoginFailed
Scenario Outline: Login exitoso con credenciales incorrectas  &amp#27;[90m# features/login.feature:22&amp#27;[0m
  &amp#27;[32mGiven &amp#27;[0m&amp#27;[32mque el &amp#27;[0m&amp#27;[32m&amp#27;[1musuario&amp#27;[0m&amp#27;[32m abre la pÃ¡gina de SauceDemo&amp#27;[0m            &amp#27;[90m# pe.interbank.saucedemo.stepsDefinition.LoginStepsDefs.queElUsuarioAbreLaPÃ¡ginaDeSauceDemo(net.serenitybdd.screenplay.Actor)&amp#27;[0m
  &amp#27;[32mWhen &amp#27;[0m&amp#27;[32minicia sesion con las credenciales &amp#27;[0m&amp#27;[32m&amp#27;[1m"wrong_user"&amp#27;[0m&amp#27;[32m, &amp#27;[0m&amp#27;[32m&amp#27;[1m"tdm"&amp#27;[0m &amp#27;[90m# pe.interbank.saucedemo.stepsDefinition.LoginStepsDefs.iniciaSesionConLasCredenciales(java.lang.String,java.lang.String)&amp#27;[0m
  &amp#27;[32mThen &amp#27;[0m&amp#27;[32mdeberÃ­a ver un mensaje de error&amp#27;[0m                        &amp#27;[90m# pe.interbank.saucedemo.stepsDefinition.LoginStepsDefs.deberÃ­aVerUnMensajeDeError()&amp#27;[0m
]]></system-out>
    <system-err><![CDATA[set. 17, 2025 11:16:45 P. M. org.openqa.selenium.devtools.CdpVersionFinder findNearestMatch
WARNING: Unable to find CDP implementation matching 140
set. 17, 2025 11:16:45 P. M. org.openqa.selenium.chromium.ChromiumDriver lambda$new$5
WARNING: Unable to find version of CDP to use for 140.0.7339.80. You may need to include a dependency on a specific version of the CDP using something similar to `org.seleniumhq.selenium:selenium-devtools-v86:4.21.0` where the version ("v86") matches the version of the chromium-based browser you're using and the version number of the artifact is the same as Selenium's.
]]></system-err>
  </testcase>
</testsuite>